2025-10-30T00:40:02.335-05:00  INFO 26768 --- [SysVentas] [SpringApplicationShutdownHook] j.LocalContainerEntityManagerFactoryBean : Closing JPA EntityManagerFactory for persistence unit 'default'
2025-10-30T00:40:02.382-05:00  INFO 26768 --- [SysVentas] [SpringApplicationShutdownHook] com.zaxxer.hikari.HikariDataSource       : HikariPool-1 - Shutdown initiated...
2025-10-30T00:40:02.392-05:00  INFO 26768 --- [SysVentas] [SpringApplicationShutdownHook] com.zaxxer.hikari.HikariDataSource       : HikariPool-1 - Shutdown completed.
2025-10-30T00:40:06.957-05:00  INFO 36220 --- [SysVentas] [JavaFX-Launcher] o.s.boot.SpringApplication               : Starting application using Java 17.0.16 with PID 36220 (started by Paul in D:\programacion\trabajoU2\SysVentas)
2025-10-30T00:40:06.962-05:00  INFO 36220 --- [SysVentas] [JavaFX-Launcher] o.s.boot.SpringApplication               : No active profile set, falling back to 1 default profile: "default"
2025-10-30T00:40:08.256-05:00  INFO 36220 --- [SysVentas] [JavaFX-Launcher] .s.d.r.c.RepositoryConfigurationDelegate : Bootstrapping Spring Data JPA repositories in DEFAULT mode.
2025-10-30T00:40:08.422-05:00  INFO 36220 --- [SysVentas] [JavaFX-Launcher] .s.d.r.c.RepositoryConfigurationDelegate : Finished Spring Data repository scanning in 152 ms. Found 15 JPA repository interfaces.
2025-10-30T00:40:09.083-05:00  INFO 36220 --- [SysVentas] [JavaFX-Launcher] o.hibernate.jpa.internal.util.LogHelper  : HHH000204: Processing PersistenceUnitInfo [name: default]
2025-10-30T00:40:09.177-05:00  INFO 36220 --- [SysVentas] [JavaFX-Launcher] org.hibernate.Version                    : HHH000412: Hibernate ORM core version 6.6.29.Final
2025-10-30T00:40:09.228-05:00  INFO 36220 --- [SysVentas] [JavaFX-Launcher] o.h.c.internal.RegionFactoryInitiator    : HHH000026: Second-level cache disabled
2025-10-30T00:40:09.732-05:00  INFO 36220 --- [SysVentas] [JavaFX-Launcher] o.s.o.j.p.SpringPersistenceUnitInfo      : No LoadTimeWeaver setup: ignoring JPA class transformer
2025-10-30T00:40:09.808-05:00  INFO 36220 --- [SysVentas] [JavaFX-Launcher] com.zaxxer.hikari.HikariDataSource       : HikariPool-1 - Starting...
2025-10-30T00:40:09.992-05:00  INFO 36220 --- [SysVentas] [JavaFX-Launcher] com.zaxxer.hikari.pool.HikariPool        : HikariPool-1 - Added connection org.sqlite.jdbc4.JDBC4Connection@1f8e8f6f
2025-10-30T00:40:09.994-05:00  INFO 36220 --- [SysVentas] [JavaFX-Launcher] com.zaxxer.hikari.HikariDataSource       : HikariPool-1 - Start completed.
2025-10-30T00:40:10.059-05:00  INFO 36220 --- [SysVentas] [JavaFX-Launcher] org.hibernate.orm.connections.pooling    : HHH10001005: Database info:
	Database JDBC URL [Connecting through datasource 'HikariDataSource (HikariPool-1)']
	Database driver: undefined/unknown
	Database version: 3.46
	Autocommit mode: undefined/unknown
	Isolation level: undefined/unknown
	Minimum pool size: undefined/unknown
	Maximum pool size: undefined/unknown
2025-10-30T00:40:12.322-05:00  INFO 36220 --- [SysVentas] [JavaFX-Launcher] o.h.e.t.j.p.i.JtaPlatformInitiator       : HHH000489: No JTA platform available (set 'hibernate.transaction.jta.platform' to enable JTA platform integration)
2025-10-30T00:40:12.401-05:00  INFO 36220 --- [SysVentas] [JavaFX-Launcher] j.LocalContainerEntityManagerFactoryBean : Initialized JPA EntityManagerFactory for persistence unit 'default'
2025-10-30T00:40:12.990-05:00  INFO 36220 --- [SysVentas] [JavaFX-Launcher] o.s.d.j.r.query.QueryEnhancerFactory     : Hibernate is in classpath; If applicable, HQL parser will be used.
2025-10-30T00:40:15.212-05:00  INFO 36220 --- [SysVentas] [JavaFX-Launcher] o.s.boot.SpringApplication               : Started application in 9.024 seconds (process running for 10.789)
2025-10-30T00:41:01.015-05:00  WARN 36220 --- [SysVentas] [JavaFX Application Thread] javafx.css                               : Could not resolve '-fx-text-background-color' while resolving lookups for '-fx-text-fill' from rule '*.list-cell' in stylesheet jar:file:/C:/Users/Paul/.m2/repository/org/openjfx/javafx-controls/21/javafx-controls-21-win.jar!/com/sun/javafx/scene/control/skin/modena/modena.bss
2025-10-30T00:41:01.018-05:00  WARN 36220 --- [SysVentas] [JavaFX Application Thread] javafx.css                               : Caught 'java.lang.ClassCastException: class java.lang.String cannot be cast to class javafx.scene.paint.Paint (java.lang.String is in module java.base of loader 'bootstrap'; javafx.scene.paint.Paint is in unnamed module of loader 'app')' while converting value for '-fx-background-color' from rule '*.combo-box-popup>*.list-view>*.virtual-flow>*.clipped-container>*.sheet>*.list-cell:hover:filled:selected' in stylesheet jar:file:/C:/Users/Paul/.m2/repository/org/openjfx/javafx-controls/21/javafx-controls-21-win.jar!/com/sun/javafx/scene/control/skin/modena/modena.bss
2025-10-30T00:41:01.024-05:00  WARN 36220 --- [SysVentas] [JavaFX Application Thread] javafx.css                               : Could not resolve '-fx-text-base-color' while resolving lookups for '-fx-text-fill' from rule '*.combo-box>*.list-cell' in stylesheet jar:file:/C:/Users/Paul/.m2/repository/org/openjfx/javafx-controls/21/javafx-controls-21-win.jar!/com/sun/javafx/scene/control/skin/modena/modena.bss
2025-10-30T00:41:04.206-05:00  WARN 36220 --- [SysVentas] [JavaFX Application Thread] javafx.css                               : Could not resolve '-fx-text-base-color' while resolving lookups for '-fx-text-fill' from rule '*.combo-box>*.list-cell' in stylesheet jar:file:/C:/Users/Paul/.m2/repository/org/openjfx/javafx-controls/21/javafx-controls-21-win.jar!/com/sun/javafx/scene/control/skin/modena/modena.bss
2025-10-30T00:41:06.626-05:00  WARN 36220 --- [SysVentas] [JavaFX Application Thread] javafx.css                               : Could not resolve '-fx-text-background-color' while resolving lookups for '-fx-text-fill' from rule '*.list-cell' in stylesheet jar:file:/C:/Users/Paul/.m2/repository/org/openjfx/javafx-controls/21/javafx-controls-21-win.jar!/com/sun/javafx/scene/control/skin/modena/modena.bss
2025-10-30T00:41:06.627-05:00  WARN 36220 --- [SysVentas] [JavaFX Application Thread] javafx.css                               : Caught 'java.lang.ClassCastException: class java.lang.String cannot be cast to class javafx.scene.paint.Paint (java.lang.String is in module java.base of loader 'bootstrap'; javafx.scene.paint.Paint is in unnamed module of loader 'app')' while converting value for '-fx-background-color' from rule '*.combo-box-popup>*.list-view>*.virtual-flow>*.clipped-container>*.sheet>*.list-cell:hover:filled:selected' in stylesheet jar:file:/C:/Users/Paul/.m2/repository/org/openjfx/javafx-controls/21/javafx-controls-21-win.jar!/com/sun/javafx/scene/control/skin/modena/modena.bss
2025-10-30T01:41:11.154-05:00  INFO 36220 --- [SysVentas] [SpringApplicationShutdownHook] j.LocalContainerEntityManagerFactoryBean : Closing JPA EntityManagerFactory for persistence unit 'default'
2025-10-30T01:41:11.176-05:00  INFO 36220 --- [SysVentas] [SpringApplicationShutdownHook] com.zaxxer.hikari.HikariDataSource       : HikariPool-1 - Shutdown initiated...
2025-10-30T01:41:11.192-05:00  INFO 36220 --- [SysVentas] [SpringApplicationShutdownHook] com.zaxxer.hikari.HikariDataSource       : HikariPool-1 - Shutdown completed.
2025-10-30T01:41:20.296-05:00  INFO 33012 --- [SysVentas] [JavaFX-Launcher] o.s.boot.SpringApplication               : Starting application using Java 17.0.16 with PID 33012 (started by Paul in D:\programacion\trabajoU2\SysVentas)
2025-10-30T01:41:20.300-05:00  INFO 33012 --- [SysVentas] [JavaFX-Launcher] o.s.boot.SpringApplication               : No active profile set, falling back to 1 default profile: "default"
2025-10-30T01:41:21.573-05:00  INFO 33012 --- [SysVentas] [JavaFX-Launcher] .s.d.r.c.RepositoryConfigurationDelegate : Bootstrapping Spring Data JPA repositories in DEFAULT mode.
2025-10-30T01:41:21.768-05:00  INFO 33012 --- [SysVentas] [JavaFX-Launcher] .s.d.r.c.RepositoryConfigurationDelegate : Finished Spring Data repository scanning in 179 ms. Found 15 JPA repository interfaces.
2025-10-30T01:41:22.442-05:00  INFO 33012 --- [SysVentas] [JavaFX-Launcher] o.hibernate.jpa.internal.util.LogHelper  : HHH000204: Processing PersistenceUnitInfo [name: default]
2025-10-30T01:41:22.534-05:00  INFO 33012 --- [SysVentas] [JavaFX-Launcher] org.hibernate.Version                    : HHH000412: Hibernate ORM core version 6.6.29.Final
2025-10-30T01:41:22.592-05:00  INFO 33012 --- [SysVentas] [JavaFX-Launcher] o.h.c.internal.RegionFactoryInitiator    : HHH000026: Second-level cache disabled
2025-10-30T01:41:23.095-05:00  INFO 33012 --- [SysVentas] [JavaFX-Launcher] o.s.o.j.p.SpringPersistenceUnitInfo      : No LoadTimeWeaver setup: ignoring JPA class transformer
2025-10-30T01:41:23.165-05:00  INFO 33012 --- [SysVentas] [JavaFX-Launcher] com.zaxxer.hikari.HikariDataSource       : HikariPool-1 - Starting...
2025-10-30T01:41:23.344-05:00  INFO 33012 --- [SysVentas] [JavaFX-Launcher] com.zaxxer.hikari.pool.HikariPool        : HikariPool-1 - Added connection org.sqlite.jdbc4.JDBC4Connection@1a9869ec
2025-10-30T01:41:23.348-05:00  INFO 33012 --- [SysVentas] [JavaFX-Launcher] com.zaxxer.hikari.HikariDataSource       : HikariPool-1 - Start completed.
2025-10-30T01:41:23.427-05:00  INFO 33012 --- [SysVentas] [JavaFX-Launcher] org.hibernate.orm.connections.pooling    : HHH10001005: Database info:
	Database JDBC URL [Connecting through datasource 'HikariDataSource (HikariPool-1)']
	Database driver: undefined/unknown
	Database version: 3.46
	Autocommit mode: undefined/unknown
	Isolation level: undefined/unknown
	Minimum pool size: undefined/unknown
	Maximum pool size: undefined/unknown
2025-10-30T01:41:25.664-05:00  INFO 33012 --- [SysVentas] [JavaFX-Launcher] o.h.e.t.j.p.i.JtaPlatformInitiator       : HHH000489: No JTA platform available (set 'hibernate.transaction.jta.platform' to enable JTA platform integration)
2025-10-30T01:41:25.729-05:00  INFO 33012 --- [SysVentas] [JavaFX-Launcher] j.LocalContainerEntityManagerFactoryBean : Initialized JPA EntityManagerFactory for persistence unit 'default'
2025-10-30T01:41:26.551-05:00  INFO 33012 --- [SysVentas] [JavaFX-Launcher] o.s.d.j.r.query.QueryEnhancerFactory     : Hibernate is in classpath; If applicable, HQL parser will be used.
2025-10-30T01:41:28.826-05:00  INFO 33012 --- [SysVentas] [JavaFX-Launcher] o.s.boot.SpringApplication               : Started application in 9.349 seconds (process running for 11.138)
2025-10-30T01:41:50.834-05:00  INFO 33012 --- [SysVentas] [SpringApplicationShutdownHook] j.LocalContainerEntityManagerFactoryBean : Closing JPA EntityManagerFactory for persistence unit 'default'
2025-10-30T01:41:50.837-05:00  INFO 33012 --- [SysVentas] [SpringApplicationShutdownHook] com.zaxxer.hikari.HikariDataSource       : HikariPool-1 - Shutdown initiated...
2025-10-30T01:41:50.844-05:00  INFO 33012 --- [SysVentas] [SpringApplicationShutdownHook] com.zaxxer.hikari.HikariDataSource       : HikariPool-1 - Shutdown completed.
2025-10-30T01:41:54.718-05:00  INFO 14448 --- [SysVentas] [JavaFX-Launcher] o.s.boot.SpringApplication               : Starting application using Java 17.0.16 with PID 14448 (started by Paul in D:\programacion\trabajoU2\SysVentas)
2025-10-30T01:41:54.724-05:00  INFO 14448 --- [SysVentas] [JavaFX-Launcher] o.s.boot.SpringApplication               : No active profile set, falling back to 1 default profile: "default"
2025-10-30T01:41:55.978-05:00  INFO 14448 --- [SysVentas] [JavaFX-Launcher] .s.d.r.c.RepositoryConfigurationDelegate : Bootstrapping Spring Data JPA repositories in DEFAULT mode.
2025-10-30T01:41:56.133-05:00  INFO 14448 --- [SysVentas] [JavaFX-Launcher] .s.d.r.c.RepositoryConfigurationDelegate : Finished Spring Data repository scanning in 141 ms. Found 15 JPA repository interfaces.
2025-10-30T01:41:56.841-05:00  INFO 14448 --- [SysVentas] [JavaFX-Launcher] o.hibernate.jpa.internal.util.LogHelper  : HHH000204: Processing PersistenceUnitInfo [name: default]
2025-10-30T01:41:56.909-05:00  INFO 14448 --- [SysVentas] [JavaFX-Launcher] org.hibernate.Version                    : HHH000412: Hibernate ORM core version 6.6.29.Final
2025-10-30T01:41:56.982-05:00  INFO 14448 --- [SysVentas] [JavaFX-Launcher] o.h.c.internal.RegionFactoryInitiator    : HHH000026: Second-level cache disabled
2025-10-30T01:41:57.493-05:00  INFO 14448 --- [SysVentas] [JavaFX-Launcher] o.s.o.j.p.SpringPersistenceUnitInfo      : No LoadTimeWeaver setup: ignoring JPA class transformer
2025-10-30T01:41:57.561-05:00  INFO 14448 --- [SysVentas] [JavaFX-Launcher] com.zaxxer.hikari.HikariDataSource       : HikariPool-1 - Starting...
2025-10-30T01:41:57.727-05:00  INFO 14448 --- [SysVentas] [JavaFX-Launcher] com.zaxxer.hikari.pool.HikariPool        : HikariPool-1 - Added connection org.sqlite.jdbc4.JDBC4Connection@2a7fd5d2
2025-10-30T01:41:57.733-05:00  INFO 14448 --- [SysVentas] [JavaFX-Launcher] com.zaxxer.hikari.HikariDataSource       : HikariPool-1 - Start completed.
2025-10-30T01:41:57.797-05:00  INFO 14448 --- [SysVentas] [JavaFX-Launcher] org.hibernate.orm.connections.pooling    : HHH10001005: Database info:
	Database JDBC URL [Connecting through datasource 'HikariDataSource (HikariPool-1)']
	Database driver: undefined/unknown
	Database version: 3.46
	Autocommit mode: undefined/unknown
	Isolation level: undefined/unknown
	Minimum pool size: undefined/unknown
	Maximum pool size: undefined/unknown
2025-10-30T01:41:59.883-05:00  INFO 14448 --- [SysVentas] [JavaFX-Launcher] o.h.e.t.j.p.i.JtaPlatformInitiator       : HHH000489: No JTA platform available (set 'hibernate.transaction.jta.platform' to enable JTA platform integration)
2025-10-30T01:41:59.961-05:00  INFO 14448 --- [SysVentas] [JavaFX-Launcher] j.LocalContainerEntityManagerFactoryBean : Initialized JPA EntityManagerFactory for persistence unit 'default'
2025-10-30T01:42:00.579-05:00  INFO 14448 --- [SysVentas] [JavaFX-Launcher] o.s.d.j.r.query.QueryEnhancerFactory     : Hibernate is in classpath; If applicable, HQL parser will be used.
2025-10-30T01:42:03.148-05:00  INFO 14448 --- [SysVentas] [JavaFX-Launcher] o.s.boot.SpringApplication               : Started application in 9.252 seconds (process running for 10.934)
